0 info it worked if it ends with ok
1 verbose cli [ 'node', '/usr/local/bin/npm', 'install', '-g', 'edpx-init' ]
2 info using npm@2.7.4
3 info using node@v0.12.2
4 silly cache add args [ 'edpx-init', null ]
5 verbose cache add spec edpx-init
6 silly cache add parsed spec { raw: 'edpx-init',
6 silly cache add   scope: null,
6 silly cache add   name: 'edpx-init',
6 silly cache add   rawSpec: '',
6 silly cache add   spec: '*',
6 silly cache add   type: 'range' }
7 verbose addNamed edpx-init@*
8 silly addNamed semver.valid null
9 silly addNamed semver.validRange *
10 silly addNameRange { name: 'edpx-init', range: '*', hasData: false }
11 silly mapToRegistry name edpx-init
12 silly mapToRegistry using default registry
13 silly mapToRegistry registry http://r.cnpmjs.org/
14 silly mapToRegistry uri http://r.cnpmjs.org/edpx-init
15 verbose addNameRange registry:http://r.cnpmjs.org/edpx-init not in flight; fetching
16 verbose request uri http://r.cnpmjs.org/edpx-init
17 verbose request no auth needed
18 info attempt registry request try #1 at 17:12:09
19 verbose request id 958efde36928f878
20 http request GET http://r.cnpmjs.org/edpx-init
21 http 404 http://r.cnpmjs.org/edpx-init
22 verbose headers { server: 'nginx/1.4.6 (Ubuntu)',
22 verbose headers   date: 'Fri, 01 Apr 2016 09:12:08 GMT',
22 verbose headers   'content-type': 'application/json; charset=utf-8',
22 verbose headers   'transfer-encoding': 'chunked',
22 verbose headers   connection: 'keep-alive',
22 verbose headers   'x-readtime': '10',
22 verbose headers   'content-encoding': 'gzip' }
23 silly get cb [ 404,
23 silly get   { server: 'nginx/1.4.6 (Ubuntu)',
23 silly get     date: 'Fri, 01 Apr 2016 09:12:08 GMT',
23 silly get     'content-type': 'application/json; charset=utf-8',
23 silly get     'transfer-encoding': 'chunked',
23 silly get     connection: 'keep-alive',
23 silly get     'x-readtime': '10',
23 silly get     'content-encoding': 'gzip' } ]
24 verbose stack Error: 404 Not Found: edpx-init
24 verbose stack     at CachingRegistryClient.<anonymous> (/usr/local/lib/node_modules/npm/node_modules/npm-registry-client/lib/request.js:245:14)
24 verbose stack     at /usr/local/lib/node_modules/npm/node_modules/npm-registry-client/lib/request.js:176:7
24 verbose stack     at Gunzip.onEnd (zlib.js:227:5)
24 verbose stack     at Gunzip.emit (events.js:129:20)
24 verbose stack     at _stream_readable.js:908:16
24 verbose stack     at process._tickCallback (node.js:355:11)
25 verbose statusCode 404
26 verbose pkgid edpx-init
27 verbose cwd /Applications/XAMPP/xamppfiles/htdocs/fe/echarts
28 error Darwin 15.0.0
29 error argv "node" "/usr/local/bin/npm" "install" "-g" "edpx-init"
30 error node v0.12.2
31 error npm  v2.7.4
32 error code E404
33 error 404 Not Found: edpx-init
33 error 404
33 error 404 'edpx-init' is not in the npm registry.
33 error 404 You should bug the author to publish it (or use the name yourself!)
33 error 404
33 error 404 Note that you can also install from a
33 error 404 tarball, folder, http url, or git url.
34 verbose exit [ 1, true ]
